SLURM_MEM_PER_CPU=8192
SLURM_NODEID=0
SLURM_TASK_PID=1662672
SLURM_PRIO_PROCESS=0
SLURM_SUBMIT_DIR=/users/ibarbier/AC-DC
SLURM_CPUS_PER_TASK=40
SLURM_PROCID=0
SLURM_JOB_GID=11000
SLURMD_NODENAME=dna051
SLURM_TASKS_PER_NODE=1
SLURM_NNODES=1
SLURM_JOB_NODELIST=dna051
SLURM_CLUSTER_NAME=curnagl
SLURM_NODELIST=dna051
SLURM_NTASKS=1
SLURM_JOB_CPUS_PER_NODE=40
SLURM_TOPOLOGY_ADDR=core.edge3.dna051
SLURM_WORKING_CLUSTER=curnagl:admin1:6817:9216:109
SLURM_JOB_NAME=sbatch_icvara.sh
SLURM_JOBID=525749
SLURM_CONF=/etc/slurm/slurm.conf
SLURM_NODE_ALIASES=(null)
SLURM_JOB_QOS=cpu-normal
SLURM_TOPOLOGY_ADDR_PATTERN=switch.switch.node
SLURM_CPUS_ON_NODE=40
SLURM_JOB_NUM_NODES=1
SLURM_JOB_UID=69294
SLURM_JOB_PARTITION=cpu
SLURM_JOB_USER=ibarbier
SLURM_NPROCS=1
SLURM_SUBMIT_HOST=login.curnagl
SLURM_JOB_ACCOUNT=yschaerl_snsf_2017
SLURM_GTIDS=0
SLURM_JOB_ID=525749
SLURM_LOCALID=0
SMC step with target distance: 100.0
>>>> Loop processing time: 4.143 sec on 40 CPU cores.
acceptance rate: 1.0
min accepted distance:  14.008777657615495
median accepted distance:  16.000059987471676
median evaluated distance:  16.000059987471676
SMC step with target distance: 16.000059987471676
>>>> Loop processing time: 639.946 sec on 40 CPU cores.
acceptance rate: 0.5078720162519045
min accepted distance:  13.996583031097275
median accepted distance:  16.000000642415745
median evaluated distance:  16.000053131278186
SMC step with target distance: 16.000000642415745
>>>> Loop processing time: 521.486 sec on 40 CPU cores.
acceptance rate: 0.31665611146295125
min accepted distance:  9.993517335088136
median accepted distance:  16.000000007967216
median evaluated distance:  16.000023132350805
SMC step with target distance: 16.000000007967216
>>>> Loop processing time: 434.878 sec on 40 CPU cores.
acceptance rate: 0.29171528588098017
min accepted distance:  12.985555976131588
median accepted distance:  16.00000000255431
median evaluated distance:  16.00000013870177
SMC step with target distance: 16.00000000255431
>>>> Loop processing time: 377.781 sec on 40 CPU cores.
acceptance rate: 0.3395585738539898
min accepted distance:  11.00173330393285
median accepted distance:  16.000000002080913
median evaluated distance:  16.00000000476423
SMC step with target distance: 16.000000002080913
>>>> Loop processing time: 493.263 sec on 40 CPU cores.
acceptance rate: 0.24752475247524752
min accepted distance:  9.963205314710633
median accepted distance:  16.00000000189916
median evaluated distance:  16.000000002670244
SMC step with target distance: 16.00000000189916
>>>> Loop processing time: 566.783 sec on 40 CPU cores.
acceptance rate: 0.16764459346186086
min accepted distance:  11.976573835101574
median accepted distance:  16.000000001708383
median evaluated distance:  16.00000000261351
SMC step with target distance: 16.000000001708383
>>>> Loop processing time: 1289.169 sec on 40 CPU cores.
acceptance rate: 0.0954653937947494
min accepted distance:  10.963516389864578
median accepted distance:  16.000000001443297
median evaluated distance:  16.000000003448367
Reducing kernel width to :  0.7
SMC step with target distance: 16.000000001443297
>>>> Loop processing time: 529.790 sec on 40 CPU cores.
acceptance rate: 0.06395906619763352
min accepted distance:  9.989408421835785
median accepted distance:  16.000000000827
median evaluated distance:  16.000000116103898
Reducing kernel width to :  0.48999999999999994
SMC step with target distance: 16.000000000827
>>>> Loop processing time: 454.927 sec on 40 CPU cores.
acceptance rate: 0.030185034260013885
min accepted distance:  7.979173414262488
median accepted distance:  15.995392993324007
median evaluated distance:  16.000049348031787
Reducing kernel width to :  0.3429999999999999
SMC step with target distance: 15.995392993324007
multiprocessing.pool.RemoteTraceback: 
"""
Traceback (most recent call last):
  File "/usr/lib64/python3.6/multiprocessing/pool.py", line 119, in worker
    result = (True, func(*args, **kwds))
  File "/usr/lib64/python3.6/multiprocessing/pool.py", line 44, in mapstar
    return list(map(*args))
  File "abc_smc.py", line 86, in GeneratePar
    d = model_equation.distance(x_data,p)
  File "/users/ibarbier/AC-DC/model_equation.py", line 153, in distance
    d2=abs(((maxValues[-1]-minValues[-1]) - (maxValues[-2]-minValues[-2]))/(maxValues[-2]-minValues[-2]))
IndexError: index -2 is out of bounds for axis 0 with size 1
"""

The above exception was the direct cause of the following exception:

Traceback (most recent call last):
  File "abc_smc.py", line 236, in <module>
    main(sys.argv[1:])
  File "abc_smc.py", line 233, in main
    Sequential_ABC(x_data, ncpus=40,initial_dist = 15.0, final_dist =4.0,prior_label = None,Npars=1000)
  File "abc_smc.py", line 204, in Sequential_ABC
    Npars = Npars, kernelfactor = kernelfactor)
  File "abc_smc.py", line 139, in GeneratePars
    iterable=range(Npars), chunksize=10)
  File "/usr/lib64/python3.6/multiprocessing/pool.py", line 266, in map
    return self._map_async(func, iterable, mapstar, chunksize).get()
  File "/usr/lib64/python3.6/multiprocessing/pool.py", line 644, in get
    raise self._value
IndexError: index -2 is out of bounds for axis 0 with size 1
